<?xml version="1.0" encoding="UTF-8"?>
<!-- Generated by org.testng.reporters.JUnitReportReporter -->
<testsuite hostname="Admin" failures="0" tests="1" name="Contact.CreateContact" time="0.019" errors="0" timestamp="2022-01-24T17:30:44 IST" skipped="0">
  <testcase classname="Contact.CreateContact" name="createContact" time="0.019"/>
  <system-out/>
</testsuite> <!-- Contact.CreateContact -->
